2026-05-01 18:56:34 [WARNING] discord.client: PyNaCl is not installed, voice will NOT be supported
2026-05-01 18:56:34 [WARNING] discord.client: davey is not installed, voice will NOT be supported
2026-05-01 18:56:34 [CRITICAL] TammyBot: ❌ No se encontró DISCORD_TOKEN en el archivo .env
2026-05-01 18:56:34 [CRITICAL] TammyBot: 📝 Crea un archivo .env con: DISCORD_TOKEN=tu_token_aqui
2026-05-01 18:59:52 [WARNING] discord.client: PyNaCl is not installed, voice will NOT be supported
2026-05-01 18:59:52 [WARNING] discord.client: davey is not installed, voice will NOT be supported
2026-05-01 18:59:52 [CRITICAL] TammyBot: ❌ No se encontró DISCORD_TOKEN en el archivo .env
2026-05-01 18:59:52 [CRITICAL] TammyBot: 📝 Crea un archivo .env con: DISCORD_TOKEN=tu_token_aqui
2026-05-01 19:00:22 [WARNING] discord.client: PyNaCl is not installed, voice will NOT be supported
2026-05-01 19:00:22 [WARNING] discord.client: davey is not installed, voice will NOT be supported
2026-05-01 19:00:22 [INFO] discord.client: logging in using static token
2026-05-01 19:00:23 [INFO] TammyBot: ✅ Cog cargado: admin.py
2026-05-01 19:00:23 [INFO] TammyBot: ✅ Cog cargado: automod.py
2026-05-01 19:00:23 [INFO] TammyBot: ✅ Cog cargado: setup_servidor.py
2026-05-01 19:00:23 [INFO] TammyBot: ✅ Cog cargado: tammy_ia.py
2026-05-01 19:00:23 [INFO] TammyBot.Tickets: ✅ Vistas persistentes de tickets registradas
2026-05-01 19:00:23 [INFO] TammyBot: ✅ Cog cargado: ticket.py
2026-05-01 19:00:23 [INFO] TammyBot: ✅ Cog cargado: verificar.py
2026-05-01 19:00:23 [INFO] TammyBot: 📦 Cogs: 6 cargados, 0 fallidos
2026-05-01 19:00:25 [INFO] discord.gateway: Shard ID None has connected to Gateway (Session ID: 8f5302c45b9be4293130a970def27cc4).
2026-05-01 19:00:27 [INFO] TammyBot: ✅ Bot conectado como TammyBot#7806 (ID: 1496917879877271592)
2026-05-01 19:00:27 [INFO] TammyBot: 🌐 Servidores conectados: 2
2026-05-01 19:00:27 [INFO] TammyBot: 🔧 38 comandos slash sincronizados
2026-05-01 19:00:27 [INFO] TammyBot:    /ping
2026-05-01 19:00:27 [INFO] TammyBot:    /help
2026-05-01 19:00:27 [INFO] TammyBot:    /clear
2026-05-01 19:00:27 [INFO] TammyBot:    /clear_until
2026-05-01 19:00:27 [INFO] TammyBot:    /mute
2026-05-01 19:00:27 [INFO] TammyBot:    /unmute
2026-05-01 19:00:27 [INFO] TammyBot:    /kick
2026-05-01 19:00:27 [INFO] TammyBot:    /ban
2026-05-01 19:00:27 [INFO] TammyBot:    /unban
2026-05-01 19:00:27 [INFO] TammyBot:    /warn
2026-05-01 19:00:27 [INFO] TammyBot:    /warnings
2026-05-01 19:00:27 [INFO] TammyBot:    /clearwarns
2026-05-01 19:00:27 [INFO] TammyBot:    /slowmode
2026-05-01 19:00:27 [INFO] TammyBot:    /lock
2026-05-01 19:00:27 [INFO] TammyBot:    /unlock
2026-05-01 19:00:27 [INFO] TammyBot:    /userinfo
2026-05-01 19:00:27 [INFO] TammyBot:    /serverinfo
2026-05-01 19:00:27 [INFO] TammyBot:    /voice_mute
2026-05-01 19:00:27 [INFO] TammyBot:    /voice_unmute
2026-05-01 19:00:27 [INFO] TammyBot:    /automod
2026-05-01 19:00:27 [INFO] TammyBot:    /automod_filter
2026-05-01 19:00:27 [INFO] TammyBot:    /automod_threshold
2026-05-01 19:00:27 [INFO] TammyBot:    /automod_action
2026-05-01 19:00:27 [INFO] TammyBot:    /automod_ignore
2026-05-01 19:00:27 [INFO] TammyBot:    /automod_stats
2026-05-01 19:00:27 [INFO] TammyBot:    /automod_reset
2026-05-01 19:00:27 [INFO] TammyBot:    /automod_whitelist
2026-05-01 19:00:27 [INFO] TammyBot:    /setup_servidor
2026-05-01 19:00:27 [INFO] TammyBot:    /tammy
2026-05-01 19:00:27 [INFO] TammyBot:    /tammy_reset
2026-05-01 19:00:27 [INFO] TammyBot:    /tammy_status
2026-05-01 19:00:27 [INFO] TammyBot:    /tammy_config
2026-05-01 19:00:27 [INFO] TammyBot:    /ticket_setup
2026-05-01 19:00:27 [INFO] TammyBot:    /ticket_close
2026-05-01 19:00:27 [INFO] TammyBot:    /ticket_stats
2026-05-01 19:00:27 [INFO] TammyBot:    /verificar
2026-05-01 19:00:27 [INFO] TammyBot:    /reset_verificacion
2026-05-01 19:00:27 [INFO] TammyBot:    /stats_verificacion
2026-05-01 19:01:42 [INFO] TammyBot.Setup: [Setup] Eliminando canales de Servidor de SebasdaD...
2026-05-01 19:01:57 [INFO] TammyBot.Setup: [Setup] Eliminando roles...
2026-05-01 19:02:08 [INFO] TammyBot.Setup: [Setup] Creando roles...
2026-05-01 19:02:22 [INFO] TammyBot.Setup: [Setup] Creando categorías y canales...
2026-05-01 19:02:33 [INFO] TammyBot.Setup: [Setup] Publicando mensajes iniciales...
2026-05-01 19:02:41 [ERROR] discord.app_commands.tree: Ignoring exception in command 'setup_servidor'
Traceback (most recent call last):
  File "C:\Users\Sebas\OneDrive\Desktop\TammyBot_Remaster\venv\Lib\site-packages\discord\app_commands\commands.py", line 858, in _do_call
    return await self._callback(self.binding, interaction, **params)  # type: ignore
           ^^^^^^^^^^^^^^^^^^^^^^^^^^^^^^^^^^^^^^^^^^^^^^^^^^^^^^^^^
  File "C:\Users\Sebas\OneDrive\Desktop\TammyBot_Remaster\commands\setup_servidor.py", line 324, in setup_servidor
    await interaction.followup.send(embed=e_final, ephemeral=True)
  File "C:\Users\Sebas\OneDrive\Desktop\TammyBot_Remaster\venv\Lib\site-packages\discord\webhook\async_.py", line 1909, in send
    data = await adapter.execute_webhook(
           ^^^^^^^^^^^^^^^^^^^^^^^^^^^^^^
  File "C:\Users\Sebas\OneDrive\Desktop\TammyBot_Remaster\venv\Lib\site-packages\discord\webhook\async_.py", line 226, in request
    raise HTTPException(response, data)
discord.errors.HTTPException: 400 Bad Request (error code: 10003): Unknown Channel

The above exception was the direct cause of the following exception:

Traceback (most recent call last):
  File "C:\Users\Sebas\OneDrive\Desktop\TammyBot_Remaster\venv\Lib\site-packages\discord\app_commands\tree.py", line 1302, in _call
    await command._invoke_with_namespace(interaction, namespace)
  File "C:\Users\Sebas\OneDrive\Desktop\TammyBot_Remaster\venv\Lib\site-packages\discord\app_commands\commands.py", line 884, in _invoke_with_namespace
    return await self._do_call(interaction, transformed_values)
           ^^^^^^^^^^^^^^^^^^^^^^^^^^^^^^^^^^^^^^^^^^^^^^^^^^^^
  File "C:\Users\Sebas\OneDrive\Desktop\TammyBot_Remaster\venv\Lib\site-packages\discord\app_commands\commands.py", line 877, in _do_call
    raise CommandInvokeError(self, e) from e
discord.app_commands.errors.CommandInvokeError: Command 'setup_servidor' raised an exception: HTTPException: 400 Bad Request (error code: 10003): Unknown Channel
2026-05-01 19:04:26 [INFO] TammyBot.Verificar: Usuario verificado: aliss7876_qwq (1464454272824639740)
2026-05-01 19:07:11 [INFO] TammyBot.Verificar: Usuario verificado: jhonner_19 (1493408039997542432)
2026-05-01 19:23:40 [INFO] discord.gateway: Shard ID None has successfully RESUMED session 8f5302c45b9be4293130a970def27cc4.
2026-05-01 20:06:04 [WARNING] discord.client: PyNaCl is not installed, voice will NOT be supported
2026-05-01 20:06:04 [WARNING] discord.client: davey is not installed, voice will NOT be supported
2026-05-01 20:06:04 [INFO] discord.client: logging in using static token
2026-05-01 20:06:05 [INFO] TammyBot: ✅ Cog cargado: admin.py
2026-05-01 20:06:05 [INFO] TammyBot: ✅ Cog cargado: automod.py
2026-05-01 20:06:05 [INFO] TammyBot: ✅ Cog cargado: setup_servidor.py
2026-05-01 20:06:05 [INFO] TammyBot: ✅ Cog cargado: tammy_ia.py
2026-05-01 20:06:05 [INFO] TammyBot.Tickets: ✅ Vistas persistentes de tickets registradas
2026-05-01 20:06:05 [INFO] TammyBot: ✅ Cog cargado: ticket.py
2026-05-01 20:06:05 [INFO] TammyBot: ✅ Cog cargado: verificar.py
2026-05-01 20:06:05 [INFO] TammyBot: 📦 Cogs: 6 cargados, 0 fallidos
2026-05-01 20:06:05 [INFO] discord.gateway: Shard ID None has connected to Gateway (Session ID: 4f45b1fd1f0db2cd2be521e8a5685959).
2026-05-01 20:06:07 [INFO] TammyBot: ✅ Bot conectado como TammyBot#7806 (ID: 1496917879877271592)
2026-05-01 20:06:07 [INFO] TammyBot: 🌐 Servidores conectados: 2
2026-05-01 20:06:08 [INFO] TammyBot: 🔧 38 comandos slash sincronizados
2026-05-01 20:06:08 [INFO] TammyBot:    /ping
2026-05-01 20:06:08 [INFO] TammyBot:    /help
2026-05-01 20:06:08 [INFO] TammyBot:    /clear
2026-05-01 20:06:08 [INFO] TammyBot:    /clear_until
2026-05-01 20:06:08 [INFO] TammyBot:    /mute
2026-05-01 20:06:08 [INFO] TammyBot:    /unmute
2026-05-01 20:06:08 [INFO] TammyBot:    /kick
2026-05-01 20:06:08 [INFO] TammyBot:    /ban
2026-05-01 20:06:08 [INFO] TammyBot:    /unban
2026-05-01 20:06:08 [INFO] TammyBot:    /warn
2026-05-01 20:06:08 [INFO] TammyBot:    /warnings
2026-05-01 20:06:08 [INFO] TammyBot:    /clearwarns
2026-05-01 20:06:08 [INFO] TammyBot:    /slowmode
2026-05-01 20:06:08 [INFO] TammyBot:    /lock
2026-05-01 20:06:08 [INFO] TammyBot:    /unlock
2026-05-01 20:06:08 [INFO] TammyBot:    /userinfo
2026-05-01 20:06:08 [INFO] TammyBot:    /serverinfo
2026-05-01 20:06:08 [INFO] TammyBot:    /voice_mute
2026-05-01 20:06:08 [INFO] TammyBot:    /voice_unmute
2026-05-01 20:06:08 [INFO] TammyBot:    /automod
2026-05-01 20:06:08 [INFO] TammyBot:    /automod_filter
2026-05-01 20:06:08 [INFO] TammyBot:    /automod_threshold
2026-05-01 20:06:08 [INFO] TammyBot:    /automod_action
2026-05-01 20:06:08 [INFO] TammyBot:    /automod_ignore
2026-05-01 20:06:08 [INFO] TammyBot:    /automod_stats
2026-05-01 20:06:08 [INFO] TammyBot:    /automod_reset
2026-05-01 20:06:08 [INFO] TammyBot:    /automod_whitelist
2026-05-01 20:06:08 [INFO] TammyBot:    /setup_servidor
2026-05-01 20:06:08 [INFO] TammyBot:    /tammy
2026-05-01 20:06:08 [INFO] TammyBot:    /tammy_reset
2026-05-01 20:06:08 [INFO] TammyBot:    /tammy_status
2026-05-01 20:06:08 [INFO] TammyBot:    /tammy_config
2026-05-01 20:06:08 [INFO] TammyBot:    /ticket_setup
2026-05-01 20:06:08 [INFO] TammyBot:    /ticket_close
2026-05-01 20:06:08 [INFO] TammyBot:    /ticket_stats
2026-05-01 20:06:08 [INFO] TammyBot:    /verificar
2026-05-01 20:06:08 [INFO] TammyBot:    /reset_verificacion
2026-05-01 20:06:08 [INFO] TammyBot:    /stats_verificacion
2026-05-01 20:06:09 [INFO] httpx: HTTP Request: GET https://www.tiktok.com/@sebastiacaicedo15/live? "HTTP/1.1 200 OK"
2026-05-01 20:06:18 [WARNING] TikTokApi.tiktok: No valid sessions found, attempting recovery (attempt 1/3)
2026-05-01 20:06:18 [WARNING] TikTokApi.tiktok: No valid sessions found, attempting recovery (attempt 2/3)
2026-05-01 20:06:26 [INFO] httpx: HTTP Request: GET https://www.tiktok.com/@sebastiacaicedo15/live? "HTTP/1.1 200 OK"
2026-05-01 20:06:43 [INFO] httpx: HTTP Request: GET https://www.tiktok.com/@sebastiacaicedo15/live? "HTTP/1.1 200 OK"
2026-05-01 20:07:00 [INFO] httpx: HTTP Request: GET https://www.tiktok.com/@sebastiacaicedo15/live? "HTTP/1.1 200 OK"
2026-05-01 20:07:17 [INFO] httpx: HTTP Request: GET https://www.tiktok.com/@sebastiacaicedo15/live? "HTTP/1.1 200 OK"
2026-05-01 20:07:34 [INFO] httpx: HTTP Request: GET https://www.tiktok.com/@sebastiacaicedo15/live? "HTTP/1.1 200 OK"
2026-05-01 20:07:51 [INFO] httpx: HTTP Request: GET https://www.tiktok.com/@sebastiacaicedo15/live? "HTTP/1.1 200 OK"
2026-05-01 20:08:09 [INFO] httpx: HTTP Request: GET https://www.tiktok.com/@sebastiacaicedo15/live? "HTTP/1.1 200 OK"
2026-05-01 20:08:26 [INFO] httpx: HTTP Request: GET https://www.tiktok.com/@sebastiacaicedo15/live? "HTTP/1.1 200 OK"
2026-05-01 20:08:43 [INFO] httpx: HTTP Request: GET https://www.tiktok.com/@sebastiacaicedo15/live? "HTTP/1.1 200 OK"
2026-05-01 20:10:32 [WARNING] discord.client: PyNaCl is not installed, voice will NOT be supported
2026-05-01 20:10:32 [WARNING] discord.client: davey is not installed, voice will NOT be supported
2026-05-01 20:10:32 [INFO] discord.client: logging in using static token
2026-05-01 20:10:33 [INFO] TammyBot: ✅ Cog cargado: admin.py
2026-05-01 20:10:33 [INFO] TammyBot: ✅ Cog cargado: automod.py
2026-05-01 20:10:33 [INFO] TammyBot: ✅ Cog cargado: setup_servidor.py
2026-05-01 20:10:33 [INFO] TammyBot: ✅ Cog cargado: tammy_ia.py
2026-05-01 20:10:33 [INFO] TammyBot.Tickets: ✅ Vistas persistentes de tickets registradas
2026-05-01 20:10:33 [INFO] TammyBot: ✅ Cog cargado: ticket.py
2026-05-01 20:10:33 [INFO] TammyBot: ✅ Cog cargado: verificar.py
2026-05-01 20:10:33 [INFO] TammyBot: 📦 Cogs: 6 cargados, 0 fallidos
2026-05-01 20:10:33 [INFO] discord.gateway: Shard ID None has connected to Gateway (Session ID: 0f73665fad174fedc3d999a4c57ea4ef).
2026-05-01 20:10:35 [INFO] TammyBot: ✅ Bot conectado como TammyBot#7806 (ID: 1496917879877271592)
2026-05-01 20:10:35 [INFO] TammyBot: 🌐 Servidores conectados: 2
2026-05-01 20:10:36 [INFO] TammyBot: 🔧 38 comandos slash sincronizados
2026-05-01 20:10:36 [INFO] TammyBot:    /ping
2026-05-01 20:10:36 [INFO] TammyBot:    /help
2026-05-01 20:10:36 [INFO] TammyBot:    /clear
2026-05-01 20:10:36 [INFO] TammyBot:    /clear_until
2026-05-01 20:10:36 [INFO] TammyBot:    /mute
2026-05-01 20:10:36 [INFO] TammyBot:    /unmute
2026-05-01 20:10:36 [INFO] TammyBot:    /kick
2026-05-01 20:10:36 [INFO] TammyBot:    /ban
2026-05-01 20:10:36 [INFO] TammyBot:    /unban
2026-05-01 20:10:36 [INFO] TammyBot:    /warn
2026-05-01 20:10:36 [INFO] TammyBot:    /warnings
2026-05-01 20:10:36 [INFO] TammyBot:    /clearwarns
2026-05-01 20:10:36 [INFO] TammyBot:    /slowmode
2026-05-01 20:10:36 [INFO] TammyBot:    /lock
2026-05-01 20:10:36 [INFO] TammyBot:    /unlock
2026-05-01 20:10:36 [INFO] TammyBot:    /userinfo
2026-05-01 20:10:36 [INFO] TammyBot:    /serverinfo
2026-05-01 20:10:36 [INFO] TammyBot:    /voice_mute
2026-05-01 20:10:36 [INFO] TammyBot:    /voice_unmute
2026-05-01 20:10:36 [INFO] TammyBot:    /automod
2026-05-01 20:10:36 [INFO] TammyBot:    /automod_filter
2026-05-01 20:10:36 [INFO] TammyBot:    /automod_threshold
2026-05-01 20:10:36 [INFO] TammyBot:    /automod_action
2026-05-01 20:10:36 [INFO] TammyBot:    /automod_ignore
2026-05-01 20:10:36 [INFO] TammyBot:    /automod_stats
2026-05-01 20:10:36 [INFO] TammyBot:    /automod_reset
2026-05-01 20:10:36 [INFO] TammyBot:    /automod_whitelist
2026-05-01 20:10:36 [INFO] TammyBot:    /setup_servidor
2026-05-01 20:10:36 [INFO] TammyBot:    /tammy
2026-05-01 20:10:36 [INFO] TammyBot:    /tammy_reset
2026-05-01 20:10:36 [INFO] TammyBot:    /tammy_status
2026-05-01 20:10:36 [INFO] TammyBot:    /tammy_config
2026-05-01 20:10:36 [INFO] TammyBot:    /ticket_setup
2026-05-01 20:10:36 [INFO] TammyBot:    /ticket_close
2026-05-01 20:10:36 [INFO] TammyBot:    /ticket_stats
2026-05-01 20:10:36 [INFO] TammyBot:    /verificar
2026-05-01 20:10:36 [INFO] TammyBot:    /reset_verificacion
2026-05-01 20:10:36 [INFO] TammyBot:    /stats_verificacion
2026-05-01 20:10:37 [INFO] httpx: HTTP Request: GET https://www.tiktok.com/@sebastiacaicedo15/live? "HTTP/1.1 200 OK"
2026-05-01 20:10:46 [WARNING] TikTokApi.tiktok: No valid sessions found, attempting recovery (attempt 1/3)
2026-05-01 20:10:46 [WARNING] TikTokApi.tiktok: No valid sessions found, attempting recovery (attempt 2/3)
2026-05-01 20:10:55 [INFO] httpx: HTTP Request: GET https://www.tiktok.com/@sebastiacaicedo15/live? "HTTP/1.1 200 OK"
2026-05-01 20:11:12 [INFO] httpx: HTTP Request: GET https://www.tiktok.com/@sebastiacaicedo15/live? "HTTP/1.1 200 OK"
2026-05-01 20:11:28 [INFO] httpx: HTTP Request: GET https://www.tiktok.com/@sebastiacaicedo15/live? "HTTP/1.1 200 OK"
2026-05-01 20:16:36 [WARNING] discord.client: PyNaCl is not installed, voice will NOT be supported
2026-05-01 20:16:36 [WARNING] discord.client: davey is not installed, voice will NOT be supported
2026-05-01 20:16:36 [INFO] discord.client: logging in using static token
2026-05-01 20:16:37 [INFO] TammyBot: ✅ Cog cargado: admin.py
2026-05-01 20:16:37 [INFO] TammyBot: ✅ Cog cargado: automod.py
2026-05-01 20:16:37 [INFO] TammyBot: ✅ Cog cargado: setup_servidor.py
2026-05-01 20:16:37 [INFO] TammyBot: ✅ Cog cargado: tammy_ia.py
2026-05-01 20:16:37 [INFO] TammyBot.Tickets: ✅ Vistas persistentes de tickets registradas
2026-05-01 20:16:37 [INFO] TammyBot: ✅ Cog cargado: ticket.py
2026-05-01 20:16:37 [INFO] TammyBot: ✅ Cog cargado: verificar.py
2026-05-01 20:16:37 [INFO] TammyBot: 📦 Cogs: 6 cargados, 0 fallidos
2026-05-01 20:16:38 [INFO] discord.gateway: Shard ID None has connected to Gateway (Session ID: 46335b61cb43ae8936ad6af6aefbf800).
2026-05-01 20:16:40 [INFO] TammyBot: ✅ Bot conectado como TammyBot#7806 (ID: 1496917879877271592)
2026-05-01 20:16:40 [INFO] TammyBot: 🌐 Servidores conectados: 2
2026-05-01 20:16:41 [INFO] TammyBot: 🔧 38 comandos slash sincronizados
2026-05-01 20:16:41 [INFO] TammyBot:    /ping
2026-05-01 20:16:41 [INFO] TammyBot:    /help
2026-05-01 20:16:41 [INFO] TammyBot:    /clear
2026-05-01 20:16:41 [INFO] TammyBot:    /clear_until
2026-05-01 20:16:41 [INFO] TammyBot:    /mute
2026-05-01 20:16:41 [INFO] TammyBot:    /unmute
2026-05-01 20:16:41 [INFO] TammyBot:    /kick
2026-05-01 20:16:41 [INFO] TammyBot:    /ban
2026-05-01 20:16:41 [INFO] TammyBot:    /unban
2026-05-01 20:16:41 [INFO] TammyBot:    /warn
2026-05-01 20:16:41 [INFO] TammyBot:    /warnings
2026-05-01 20:16:41 [INFO] TammyBot:    /clearwarns
2026-05-01 20:16:41 [INFO] TammyBot:    /slowmode
2026-05-01 20:16:41 [INFO] TammyBot:    /lock
2026-05-01 20:16:41 [INFO] TammyBot:    /unlock
2026-05-01 20:16:41 [INFO] TammyBot:    /userinfo
2026-05-01 20:16:41 [INFO] TammyBot:    /serverinfo
2026-05-01 20:16:41 [INFO] TammyBot:    /voice_mute
2026-05-01 20:16:41 [INFO] TammyBot:    /voice_unmute
2026-05-01 20:16:41 [INFO] TammyBot:    /automod
2026-05-01 20:16:41 [INFO] TammyBot:    /automod_filter
2026-05-01 20:16:41 [INFO] TammyBot:    /automod_threshold
2026-05-01 20:16:41 [INFO] TammyBot:    /automod_action
2026-05-01 20:16:41 [INFO] TammyBot:    /automod_ignore
2026-05-01 20:16:41 [INFO] TammyBot:    /automod_stats
2026-05-01 20:16:41 [INFO] TammyBot:    /automod_reset
2026-05-01 20:16:41 [INFO] TammyBot:    /automod_whitelist
2026-05-01 20:16:41 [INFO] TammyBot:    /setup_servidor
2026-05-01 20:16:41 [INFO] TammyBot:    /tammy
2026-05-01 20:16:41 [INFO] TammyBot:    /tammy_reset
2026-05-01 20:16:41 [INFO] TammyBot:    /tammy_status
2026-05-01 20:16:41 [INFO] TammyBot:    /tammy_config
2026-05-01 20:16:41 [INFO] TammyBot:    /ticket_setup
2026-05-01 20:16:41 [INFO] TammyBot:    /ticket_close
2026-05-01 20:16:41 [INFO] TammyBot:    /ticket_stats
2026-05-01 20:16:41 [INFO] TammyBot:    /verificar
2026-05-01 20:16:41 [INFO] TammyBot:    /reset_verificacion
2026-05-01 20:16:41 [INFO] TammyBot:    /stats_verificacion
2026-05-01 20:16:42 [INFO] httpx: HTTP Request: GET https://www.tiktok.com/@sebastiacaicedo15/live? "HTTP/1.1 200 OK"
2026-05-01 20:16:51 [WARNING] TikTokApi.tiktok: No valid sessions found, attempting recovery (attempt 1/3)
2026-05-01 20:16:51 [WARNING] TikTokApi.tiktok: No valid sessions found, attempting recovery (attempt 2/3)
2026-05-01 20:17:00 [INFO] httpx: HTTP Request: GET https://www.tiktok.com/@sebastiacaicedo15/live? "HTTP/1.1 200 OK"
2026-05-01 20:17:16 [INFO] httpx: HTTP Request: GET https://www.tiktok.com/@sebastiacaicedo15/live? "HTTP/1.1 200 OK"
2026-05-01 20:17:33 [INFO] httpx: HTTP Request: GET https://www.tiktok.com/@sebastiacaicedo15/live? "HTTP/1.1 200 OK"
2026-05-01 20:17:49 [INFO] httpx: HTTP Request: GET https://www.tiktok.com/@sebastiacaicedo15/live? "HTTP/1.1 200 OK"
2026-05-01 20:18:07 [INFO] httpx: HTTP Request: GET https://www.tiktok.com/@sebastiacaicedo15/live? "HTTP/1.1 200 OK"
2026-05-01 20:18:23 [INFO] httpx: HTTP Request: GET https://www.tiktok.com/@sebastiacaicedo15/live? "HTTP/1.1 200 OK"
2026-05-01 20:18:40 [INFO] httpx: HTTP Request: GET https://www.tiktok.com/@sebastiacaicedo15/live? "HTTP/1.1 200 OK"
2026-05-01 20:18:57 [INFO] httpx: HTTP Request: GET https://www.tiktok.com/@sebastiacaicedo15/live? "HTTP/1.1 200 OK"
2026-05-01 20:19:14 [INFO] httpx: HTTP Request: GET https://www.tiktok.com/@sebastiacaicedo15/live? "HTTP/1.1 200 OK"
2026-05-01 20:19:30 [INFO] httpx: HTTP Request: GET https://www.tiktok.com/@sebastiacaicedo15/live? "HTTP/1.1 200 OK"
2026-05-01 20:19:48 [INFO] httpx: HTTP Request: GET https://www.tiktok.com/@sebastiacaicedo15/live? "HTTP/1.1 200 OK"
2026-05-01 20:20:05 [INFO] httpx: HTTP Request: GET https://www.tiktok.com/@sebastiacaicedo15/live? "HTTP/1.1 200 OK"
2026-05-01 20:20:22 [INFO] httpx: HTTP Request: GET https://www.tiktok.com/@sebastiacaicedo15/live? "HTTP/1.1 200 OK"
2026-05-01 20:20:39 [INFO] httpx: HTTP Request: GET https://www.tiktok.com/@sebastiacaicedo15/live? "HTTP/1.1 200 OK"
2026-05-01 20:20:56 [INFO] httpx: HTTP Request: GET https://www.tiktok.com/@sebastiacaicedo15/live? "HTTP/1.1 200 OK"
2026-05-01 20:21:14 [INFO] httpx: HTTP Request: GET https://www.tiktok.com/@sebastiacaicedo15/live? "HTTP/1.1 200 OK"
2026-05-01 20:21:31 [INFO] httpx: HTTP Request: GET https://www.tiktok.com/@sebastiacaicedo15/live? "HTTP/1.1 200 OK"
